ARM GAS  C:\Users\marci\AppData\Local\Temp\ccSljwOS.s 			page 1


   1              		.cpu cortex-m4
   2              		.arch armv7e-m
   3              		.fpu fpv4-sp-d16
   4              		.eabi_attribute 27, 1
   5              		.eabi_attribute 28, 1
   6              		.eabi_attribute 20, 1
   7              		.eabi_attribute 21, 1
   8              		.eabi_attribute 23, 3
   9              		.eabi_attribute 24, 1
  10              		.eabi_attribute 25, 1
  11              		.eabi_attribute 26, 1
  12              		.eabi_attribute 30, 1
  13              		.eabi_attribute 34, 1
  14              		.eabi_attribute 18, 4
  15              		.file	"stm32f4xx_hal_msp.c"
  16              		.text
  17              	.Ltext0:
  18              		.cfi_sections	.debug_frame
  19              		.file 1 "Core/Src/stm32f4xx_hal_msp.c"
  20              		.section	.text.HAL_MspInit,"ax",%progbits
  21              		.align	1
  22              		.global	HAL_MspInit
  23              		.syntax unified
  24              		.thumb
  25              		.thumb_func
  27              	HAL_MspInit:
  28              	.LFB134:
   1:Core/Src/stm32f4xx_hal_msp.c **** /* USER CODE BEGIN Header */
   2:Core/Src/stm32f4xx_hal_msp.c **** /**
   3:Core/Src/stm32f4xx_hal_msp.c ****   ******************************************************************************
   4:Core/Src/stm32f4xx_hal_msp.c ****   * @file         stm32f4xx_hal_msp.c
   5:Core/Src/stm32f4xx_hal_msp.c ****   * @brief        This file provides code for the MSP Initialization
   6:Core/Src/stm32f4xx_hal_msp.c ****   *               and de-Initialization codes.
   7:Core/Src/stm32f4xx_hal_msp.c ****   ******************************************************************************
   8:Core/Src/stm32f4xx_hal_msp.c ****   * @attention
   9:Core/Src/stm32f4xx_hal_msp.c ****   *
  10:Core/Src/stm32f4xx_hal_msp.c ****   * Copyright (c) 2024 STMicroelectronics.
  11:Core/Src/stm32f4xx_hal_msp.c ****   * All rights reserved.
  12:Core/Src/stm32f4xx_hal_msp.c ****   *
  13:Core/Src/stm32f4xx_hal_msp.c ****   * This software is licensed under terms that can be found in the LICENSE file
  14:Core/Src/stm32f4xx_hal_msp.c ****   * in the root directory of this software component.
  15:Core/Src/stm32f4xx_hal_msp.c ****   * If no LICENSE file comes with this software, it is provided AS-IS.
  16:Core/Src/stm32f4xx_hal_msp.c ****   *
  17:Core/Src/stm32f4xx_hal_msp.c ****   ******************************************************************************
  18:Core/Src/stm32f4xx_hal_msp.c ****   */
  19:Core/Src/stm32f4xx_hal_msp.c **** /* USER CODE END Header */
  20:Core/Src/stm32f4xx_hal_msp.c **** 
  21:Core/Src/stm32f4xx_hal_msp.c **** /* Includes ------------------------------------------------------------------*/
  22:Core/Src/stm32f4xx_hal_msp.c **** #include "main.h"
  23:Core/Src/stm32f4xx_hal_msp.c **** 
  24:Core/Src/stm32f4xx_hal_msp.c **** /* USER CODE BEGIN Includes */
  25:Core/Src/stm32f4xx_hal_msp.c **** 
  26:Core/Src/stm32f4xx_hal_msp.c **** /* USER CODE END Includes */
  27:Core/Src/stm32f4xx_hal_msp.c **** 
  28:Core/Src/stm32f4xx_hal_msp.c **** /* Private typedef -----------------------------------------------------------*/
  29:Core/Src/stm32f4xx_hal_msp.c **** /* USER CODE BEGIN TD */
  30:Core/Src/stm32f4xx_hal_msp.c **** 
ARM GAS  C:\Users\marci\AppData\Local\Temp\ccSljwOS.s 			page 2


  31:Core/Src/stm32f4xx_hal_msp.c **** /* USER CODE END TD */
  32:Core/Src/stm32f4xx_hal_msp.c **** 
  33:Core/Src/stm32f4xx_hal_msp.c **** /* Private define ------------------------------------------------------------*/
  34:Core/Src/stm32f4xx_hal_msp.c **** /* USER CODE BEGIN Define */
  35:Core/Src/stm32f4xx_hal_msp.c **** 
  36:Core/Src/stm32f4xx_hal_msp.c **** /* USER CODE END Define */
  37:Core/Src/stm32f4xx_hal_msp.c **** 
  38:Core/Src/stm32f4xx_hal_msp.c **** /* Private macro -------------------------------------------------------------*/
  39:Core/Src/stm32f4xx_hal_msp.c **** /* USER CODE BEGIN Macro */
  40:Core/Src/stm32f4xx_hal_msp.c **** 
  41:Core/Src/stm32f4xx_hal_msp.c **** /* USER CODE END Macro */
  42:Core/Src/stm32f4xx_hal_msp.c **** 
  43:Core/Src/stm32f4xx_hal_msp.c **** /* Private variables ---------------------------------------------------------*/
  44:Core/Src/stm32f4xx_hal_msp.c **** /* USER CODE BEGIN PV */
  45:Core/Src/stm32f4xx_hal_msp.c **** 
  46:Core/Src/stm32f4xx_hal_msp.c **** /* USER CODE END PV */
  47:Core/Src/stm32f4xx_hal_msp.c **** 
  48:Core/Src/stm32f4xx_hal_msp.c **** /* Private function prototypes -----------------------------------------------*/
  49:Core/Src/stm32f4xx_hal_msp.c **** /* USER CODE BEGIN PFP */
  50:Core/Src/stm32f4xx_hal_msp.c **** 
  51:Core/Src/stm32f4xx_hal_msp.c **** /* USER CODE END PFP */
  52:Core/Src/stm32f4xx_hal_msp.c **** 
  53:Core/Src/stm32f4xx_hal_msp.c **** /* External functions --------------------------------------------------------*/
  54:Core/Src/stm32f4xx_hal_msp.c **** /* USER CODE BEGIN ExternalFunctions */
  55:Core/Src/stm32f4xx_hal_msp.c **** 
  56:Core/Src/stm32f4xx_hal_msp.c **** /* USER CODE END ExternalFunctions */
  57:Core/Src/stm32f4xx_hal_msp.c **** 
  58:Core/Src/stm32f4xx_hal_msp.c **** /* USER CODE BEGIN 0 */
  59:Core/Src/stm32f4xx_hal_msp.c **** 
  60:Core/Src/stm32f4xx_hal_msp.c **** /* USER CODE END 0 */
  61:Core/Src/stm32f4xx_hal_msp.c **** /**
  62:Core/Src/stm32f4xx_hal_msp.c ****   * Initializes the Global MSP.
  63:Core/Src/stm32f4xx_hal_msp.c ****   */
  64:Core/Src/stm32f4xx_hal_msp.c **** void HAL_MspInit(void)
  65:Core/Src/stm32f4xx_hal_msp.c **** {
  29              		.loc 1 65 1 view -0
  30              		.cfi_startproc
  31              		@ args = 0, pretend = 0, frame = 8
  32              		@ frame_needed = 0, uses_anonymous_args = 0
  33 0000 00B5     		push	{lr}
  34              	.LCFI0:
  35              		.cfi_def_cfa_offset 4
  36              		.cfi_offset 14, -4
  37 0002 83B0     		sub	sp, sp, #12
  38              	.LCFI1:
  39              		.cfi_def_cfa_offset 16
  66:Core/Src/stm32f4xx_hal_msp.c ****   /* USER CODE BEGIN MspInit 0 */
  67:Core/Src/stm32f4xx_hal_msp.c **** 
  68:Core/Src/stm32f4xx_hal_msp.c ****   /* USER CODE END MspInit 0 */
  69:Core/Src/stm32f4xx_hal_msp.c **** 
  70:Core/Src/stm32f4xx_hal_msp.c ****   __HAL_RCC_SYSCFG_CLK_ENABLE();
  40              		.loc 1 70 3 view .LVU1
  41              	.LBB2:
  42              		.loc 1 70 3 view .LVU2
  43 0004 0022     		movs	r2, #0
  44 0006 0092     		str	r2, [sp]
  45              		.loc 1 70 3 view .LVU3
ARM GAS  C:\Users\marci\AppData\Local\Temp\ccSljwOS.s 			page 3


  46 0008 0D4B     		ldr	r3, .L3
  47 000a 596C     		ldr	r1, [r3, #68]
  48 000c 41F48041 		orr	r1, r1, #16384
  49 0010 5964     		str	r1, [r3, #68]
  50              		.loc 1 70 3 view .LVU4
  51 0012 596C     		ldr	r1, [r3, #68]
  52 0014 01F48041 		and	r1, r1, #16384
  53 0018 0091     		str	r1, [sp]
  54              		.loc 1 70 3 view .LVU5
  55 001a 0099     		ldr	r1, [sp]
  56              	.LBE2:
  57              		.loc 1 70 3 view .LVU6
  71:Core/Src/stm32f4xx_hal_msp.c ****   __HAL_RCC_PWR_CLK_ENABLE();
  58              		.loc 1 71 3 view .LVU7
  59              	.LBB3:
  60              		.loc 1 71 3 view .LVU8
  61 001c 0192     		str	r2, [sp, #4]
  62              		.loc 1 71 3 view .LVU9
  63 001e 196C     		ldr	r1, [r3, #64]
  64 0020 41F08051 		orr	r1, r1, #268435456
  65 0024 1964     		str	r1, [r3, #64]
  66              		.loc 1 71 3 view .LVU10
  67 0026 1B6C     		ldr	r3, [r3, #64]
  68 0028 03F08053 		and	r3, r3, #268435456
  69 002c 0193     		str	r3, [sp, #4]
  70              		.loc 1 71 3 view .LVU11
  71 002e 019B     		ldr	r3, [sp, #4]
  72              	.LBE3:
  73              		.loc 1 71 3 view .LVU12
  72:Core/Src/stm32f4xx_hal_msp.c **** 
  73:Core/Src/stm32f4xx_hal_msp.c ****   /* System interrupt init*/
  74:Core/Src/stm32f4xx_hal_msp.c ****   /* PendSV_IRQn interrupt configuration */
  75:Core/Src/stm32f4xx_hal_msp.c ****   HAL_NVIC_SetPriority(PendSV_IRQn, 15, 0);
  74              		.loc 1 75 3 view .LVU13
  75 0030 0F21     		movs	r1, #15
  76 0032 6FF00100 		mvn	r0, #1
  77 0036 FFF7FEFF 		bl	HAL_NVIC_SetPriority
  78              	.LVL0:
  76:Core/Src/stm32f4xx_hal_msp.c **** 
  77:Core/Src/stm32f4xx_hal_msp.c ****   /* USER CODE BEGIN MspInit 1 */
  78:Core/Src/stm32f4xx_hal_msp.c **** 
  79:Core/Src/stm32f4xx_hal_msp.c ****   /* USER CODE END MspInit 1 */
  80:Core/Src/stm32f4xx_hal_msp.c **** }
  79              		.loc 1 80 1 is_stmt 0 view .LVU14
  80 003a 03B0     		add	sp, sp, #12
  81              	.LCFI2:
  82              		.cfi_def_cfa_offset 4
  83              		@ sp needed
  84 003c 5DF804FB 		ldr	pc, [sp], #4
  85              	.L4:
  86              		.align	2
  87              	.L3:
  88 0040 00380240 		.word	1073887232
  89              		.cfi_endproc
  90              	.LFE134:
  92              		.section	.text.HAL_UART_MspInit,"ax",%progbits
  93              		.align	1
ARM GAS  C:\Users\marci\AppData\Local\Temp\ccSljwOS.s 			page 4


  94              		.global	HAL_UART_MspInit
  95              		.syntax unified
  96              		.thumb
  97              		.thumb_func
  99              	HAL_UART_MspInit:
 100              	.LVL1:
 101              	.LFB135:
  81:Core/Src/stm32f4xx_hal_msp.c **** 
  82:Core/Src/stm32f4xx_hal_msp.c **** /**
  83:Core/Src/stm32f4xx_hal_msp.c **** * @brief UART MSP Initialization
  84:Core/Src/stm32f4xx_hal_msp.c **** * This function configures the hardware resources used in this example
  85:Core/Src/stm32f4xx_hal_msp.c **** * @param huart: UART handle pointer
  86:Core/Src/stm32f4xx_hal_msp.c **** * @retval None
  87:Core/Src/stm32f4xx_hal_msp.c **** */
  88:Core/Src/stm32f4xx_hal_msp.c **** void HAL_UART_MspInit(UART_HandleTypeDef* huart)
  89:Core/Src/stm32f4xx_hal_msp.c **** {
 102              		.loc 1 89 1 is_stmt 1 view -0
 103              		.cfi_startproc
 104              		@ args = 0, pretend = 0, frame = 32
 105              		@ frame_needed = 0, uses_anonymous_args = 0
 106              		.loc 1 89 1 is_stmt 0 view .LVU16
 107 0000 00B5     		push	{lr}
 108              	.LCFI3:
 109              		.cfi_def_cfa_offset 4
 110              		.cfi_offset 14, -4
 111 0002 89B0     		sub	sp, sp, #36
 112              	.LCFI4:
 113              		.cfi_def_cfa_offset 40
  90:Core/Src/stm32f4xx_hal_msp.c ****   GPIO_InitTypeDef GPIO_InitStruct = {0};
 114              		.loc 1 90 3 is_stmt 1 view .LVU17
 115              		.loc 1 90 20 is_stmt 0 view .LVU18
 116 0004 0023     		movs	r3, #0
 117 0006 0393     		str	r3, [sp, #12]
 118 0008 0493     		str	r3, [sp, #16]
 119 000a 0593     		str	r3, [sp, #20]
 120 000c 0693     		str	r3, [sp, #24]
 121 000e 0793     		str	r3, [sp, #28]
  91:Core/Src/stm32f4xx_hal_msp.c ****   if(huart->Instance==USART3)
 122              		.loc 1 91 3 is_stmt 1 view .LVU19
 123              		.loc 1 91 11 is_stmt 0 view .LVU20
 124 0010 0268     		ldr	r2, [r0]
 125              		.loc 1 91 5 view .LVU21
 126 0012 154B     		ldr	r3, .L9
 127 0014 9A42     		cmp	r2, r3
 128 0016 02D0     		beq	.L8
 129              	.LVL2:
 130              	.L5:
  92:Core/Src/stm32f4xx_hal_msp.c ****   {
  93:Core/Src/stm32f4xx_hal_msp.c ****   /* USER CODE BEGIN USART3_MspInit 0 */
  94:Core/Src/stm32f4xx_hal_msp.c **** 
  95:Core/Src/stm32f4xx_hal_msp.c ****   /* USER CODE END USART3_MspInit 0 */
  96:Core/Src/stm32f4xx_hal_msp.c ****     /* Peripheral clock enable */
  97:Core/Src/stm32f4xx_hal_msp.c ****     __HAL_RCC_USART3_CLK_ENABLE();
  98:Core/Src/stm32f4xx_hal_msp.c **** 
  99:Core/Src/stm32f4xx_hal_msp.c ****     __HAL_RCC_GPIOD_CLK_ENABLE();
 100:Core/Src/stm32f4xx_hal_msp.c ****     /**USART3 GPIO Configuration
 101:Core/Src/stm32f4xx_hal_msp.c ****     PD8     ------> USART3_TX
ARM GAS  C:\Users\marci\AppData\Local\Temp\ccSljwOS.s 			page 5


 102:Core/Src/stm32f4xx_hal_msp.c ****     PD9     ------> USART3_RX
 103:Core/Src/stm32f4xx_hal_msp.c ****     */
 104:Core/Src/stm32f4xx_hal_msp.c ****     GPIO_InitStruct.Pin = STLK_RX_Pin|STLK_TX_Pin;
 105:Core/Src/stm32f4xx_hal_msp.c ****     GPIO_InitStruct.Mode = GPIO_MODE_AF_PP;
 106:Core/Src/stm32f4xx_hal_msp.c ****     GPIO_InitStruct.Pull = GPIO_NOPULL;
 107:Core/Src/stm32f4xx_hal_msp.c ****     GPIO_InitStruct.Speed = GPIO_SPEED_FREQ_VERY_HIGH;
 108:Core/Src/stm32f4xx_hal_msp.c ****     GPIO_InitStruct.Alternate = GPIO_AF7_USART3;
 109:Core/Src/stm32f4xx_hal_msp.c ****     HAL_GPIO_Init(GPIOD, &GPIO_InitStruct);
 110:Core/Src/stm32f4xx_hal_msp.c **** 
 111:Core/Src/stm32f4xx_hal_msp.c ****   /* USER CODE BEGIN USART3_MspInit 1 */
 112:Core/Src/stm32f4xx_hal_msp.c **** 
 113:Core/Src/stm32f4xx_hal_msp.c ****   /* USER CODE END USART3_MspInit 1 */
 114:Core/Src/stm32f4xx_hal_msp.c ****   }
 115:Core/Src/stm32f4xx_hal_msp.c **** 
 116:Core/Src/stm32f4xx_hal_msp.c **** }
 131              		.loc 1 116 1 view .LVU22
 132 0018 09B0     		add	sp, sp, #36
 133              	.LCFI5:
 134              		.cfi_remember_state
 135              		.cfi_def_cfa_offset 4
 136              		@ sp needed
 137 001a 5DF804FB 		ldr	pc, [sp], #4
 138              	.LVL3:
 139              	.L8:
 140              	.LCFI6:
 141              		.cfi_restore_state
  97:Core/Src/stm32f4xx_hal_msp.c **** 
 142              		.loc 1 97 5 is_stmt 1 view .LVU23
 143              	.LBB4:
  97:Core/Src/stm32f4xx_hal_msp.c **** 
 144              		.loc 1 97 5 view .LVU24
 145 001e 0021     		movs	r1, #0
 146 0020 0191     		str	r1, [sp, #4]
  97:Core/Src/stm32f4xx_hal_msp.c **** 
 147              		.loc 1 97 5 view .LVU25
 148 0022 03F5F833 		add	r3, r3, #126976
 149 0026 1A6C     		ldr	r2, [r3, #64]
 150 0028 42F48022 		orr	r2, r2, #262144
 151 002c 1A64     		str	r2, [r3, #64]
  97:Core/Src/stm32f4xx_hal_msp.c **** 
 152              		.loc 1 97 5 view .LVU26
 153 002e 1A6C     		ldr	r2, [r3, #64]
 154 0030 02F48022 		and	r2, r2, #262144
 155 0034 0192     		str	r2, [sp, #4]
  97:Core/Src/stm32f4xx_hal_msp.c **** 
 156              		.loc 1 97 5 view .LVU27
 157 0036 019A     		ldr	r2, [sp, #4]
 158              	.LBE4:
  97:Core/Src/stm32f4xx_hal_msp.c **** 
 159              		.loc 1 97 5 view .LVU28
  99:Core/Src/stm32f4xx_hal_msp.c ****     /**USART3 GPIO Configuration
 160              		.loc 1 99 5 view .LVU29
 161              	.LBB5:
  99:Core/Src/stm32f4xx_hal_msp.c ****     /**USART3 GPIO Configuration
 162              		.loc 1 99 5 view .LVU30
 163 0038 0291     		str	r1, [sp, #8]
  99:Core/Src/stm32f4xx_hal_msp.c ****     /**USART3 GPIO Configuration
ARM GAS  C:\Users\marci\AppData\Local\Temp\ccSljwOS.s 			page 6


 164              		.loc 1 99 5 view .LVU31
 165 003a 1A6B     		ldr	r2, [r3, #48]
 166 003c 42F00802 		orr	r2, r2, #8
 167 0040 1A63     		str	r2, [r3, #48]
  99:Core/Src/stm32f4xx_hal_msp.c ****     /**USART3 GPIO Configuration
 168              		.loc 1 99 5 view .LVU32
 169 0042 1B6B     		ldr	r3, [r3, #48]
 170 0044 03F00803 		and	r3, r3, #8
 171 0048 0293     		str	r3, [sp, #8]
  99:Core/Src/stm32f4xx_hal_msp.c ****     /**USART3 GPIO Configuration
 172              		.loc 1 99 5 view .LVU33
 173 004a 029B     		ldr	r3, [sp, #8]
 174              	.LBE5:
  99:Core/Src/stm32f4xx_hal_msp.c ****     /**USART3 GPIO Configuration
 175              		.loc 1 99 5 view .LVU34
 104:Core/Src/stm32f4xx_hal_msp.c ****     GPIO_InitStruct.Mode = GPIO_MODE_AF_PP;
 176              		.loc 1 104 5 view .LVU35
 104:Core/Src/stm32f4xx_hal_msp.c ****     GPIO_InitStruct.Mode = GPIO_MODE_AF_PP;
 177              		.loc 1 104 25 is_stmt 0 view .LVU36
 178 004c 4FF44073 		mov	r3, #768
 179 0050 0393     		str	r3, [sp, #12]
 105:Core/Src/stm32f4xx_hal_msp.c ****     GPIO_InitStruct.Pull = GPIO_NOPULL;
 180              		.loc 1 105 5 is_stmt 1 view .LVU37
 105:Core/Src/stm32f4xx_hal_msp.c ****     GPIO_InitStruct.Pull = GPIO_NOPULL;
 181              		.loc 1 105 26 is_stmt 0 view .LVU38
 182 0052 0223     		movs	r3, #2
 183 0054 0493     		str	r3, [sp, #16]
 106:Core/Src/stm32f4xx_hal_msp.c ****     GPIO_InitStruct.Speed = GPIO_SPEED_FREQ_VERY_HIGH;
 184              		.loc 1 106 5 is_stmt 1 view .LVU39
 107:Core/Src/stm32f4xx_hal_msp.c ****     GPIO_InitStruct.Alternate = GPIO_AF7_USART3;
 185              		.loc 1 107 5 view .LVU40
 107:Core/Src/stm32f4xx_hal_msp.c ****     GPIO_InitStruct.Alternate = GPIO_AF7_USART3;
 186              		.loc 1 107 27 is_stmt 0 view .LVU41
 187 0056 0323     		movs	r3, #3
 188 0058 0693     		str	r3, [sp, #24]
 108:Core/Src/stm32f4xx_hal_msp.c ****     HAL_GPIO_Init(GPIOD, &GPIO_InitStruct);
 189              		.loc 1 108 5 is_stmt 1 view .LVU42
 108:Core/Src/stm32f4xx_hal_msp.c ****     HAL_GPIO_Init(GPIOD, &GPIO_InitStruct);
 190              		.loc 1 108 31 is_stmt 0 view .LVU43
 191 005a 0723     		movs	r3, #7
 192 005c 0793     		str	r3, [sp, #28]
 109:Core/Src/stm32f4xx_hal_msp.c **** 
 193              		.loc 1 109 5 is_stmt 1 view .LVU44
 194 005e 03A9     		add	r1, sp, #12
 195 0060 0248     		ldr	r0, .L9+4
 196              	.LVL4:
 109:Core/Src/stm32f4xx_hal_msp.c **** 
 197              		.loc 1 109 5 is_stmt 0 view .LVU45
 198 0062 FFF7FEFF 		bl	HAL_GPIO_Init
 199              	.LVL5:
 200              		.loc 1 116 1 view .LVU46
 201 0066 D7E7     		b	.L5
 202              	.L10:
 203              		.align	2
 204              	.L9:
 205 0068 00480040 		.word	1073760256
 206 006c 000C0240 		.word	1073875968
ARM GAS  C:\Users\marci\AppData\Local\Temp\ccSljwOS.s 			page 7


 207              		.cfi_endproc
 208              	.LFE135:
 210              		.section	.text.HAL_UART_MspDeInit,"ax",%progbits
 211              		.align	1
 212              		.global	HAL_UART_MspDeInit
 213              		.syntax unified
 214              		.thumb
 215              		.thumb_func
 217              	HAL_UART_MspDeInit:
 218              	.LVL6:
 219              	.LFB136:
 117:Core/Src/stm32f4xx_hal_msp.c **** 
 118:Core/Src/stm32f4xx_hal_msp.c **** /**
 119:Core/Src/stm32f4xx_hal_msp.c **** * @brief UART MSP De-Initialization
 120:Core/Src/stm32f4xx_hal_msp.c **** * This function freeze the hardware resources used in this example
 121:Core/Src/stm32f4xx_hal_msp.c **** * @param huart: UART handle pointer
 122:Core/Src/stm32f4xx_hal_msp.c **** * @retval None
 123:Core/Src/stm32f4xx_hal_msp.c **** */
 124:Core/Src/stm32f4xx_hal_msp.c **** void HAL_UART_MspDeInit(UART_HandleTypeDef* huart)
 125:Core/Src/stm32f4xx_hal_msp.c **** {
 220              		.loc 1 125 1 is_stmt 1 view -0
 221              		.cfi_startproc
 222              		@ args = 0, pretend = 0, frame = 0
 223              		@ frame_needed = 0, uses_anonymous_args = 0
 224              		.loc 1 125 1 is_stmt 0 view .LVU48
 225 0000 08B5     		push	{r3, lr}
 226              	.LCFI7:
 227              		.cfi_def_cfa_offset 8
 228              		.cfi_offset 3, -8
 229              		.cfi_offset 14, -4
 126:Core/Src/stm32f4xx_hal_msp.c ****   if(huart->Instance==USART3)
 230              		.loc 1 126 3 is_stmt 1 view .LVU49
 231              		.loc 1 126 11 is_stmt 0 view .LVU50
 232 0002 0268     		ldr	r2, [r0]
 233              		.loc 1 126 5 view .LVU51
 234 0004 074B     		ldr	r3, .L15
 235 0006 9A42     		cmp	r2, r3
 236 0008 00D0     		beq	.L14
 237              	.LVL7:
 238              	.L11:
 127:Core/Src/stm32f4xx_hal_msp.c ****   {
 128:Core/Src/stm32f4xx_hal_msp.c ****   /* USER CODE BEGIN USART3_MspDeInit 0 */
 129:Core/Src/stm32f4xx_hal_msp.c **** 
 130:Core/Src/stm32f4xx_hal_msp.c ****   /* USER CODE END USART3_MspDeInit 0 */
 131:Core/Src/stm32f4xx_hal_msp.c ****     /* Peripheral clock disable */
 132:Core/Src/stm32f4xx_hal_msp.c ****     __HAL_RCC_USART3_CLK_DISABLE();
 133:Core/Src/stm32f4xx_hal_msp.c **** 
 134:Core/Src/stm32f4xx_hal_msp.c ****     /**USART3 GPIO Configuration
 135:Core/Src/stm32f4xx_hal_msp.c ****     PD8     ------> USART3_TX
 136:Core/Src/stm32f4xx_hal_msp.c ****     PD9     ------> USART3_RX
 137:Core/Src/stm32f4xx_hal_msp.c ****     */
 138:Core/Src/stm32f4xx_hal_msp.c ****     HAL_GPIO_DeInit(GPIOD, STLK_RX_Pin|STLK_TX_Pin);
 139:Core/Src/stm32f4xx_hal_msp.c **** 
 140:Core/Src/stm32f4xx_hal_msp.c ****   /* USER CODE BEGIN USART3_MspDeInit 1 */
 141:Core/Src/stm32f4xx_hal_msp.c **** 
 142:Core/Src/stm32f4xx_hal_msp.c ****   /* USER CODE END USART3_MspDeInit 1 */
 143:Core/Src/stm32f4xx_hal_msp.c ****   }
ARM GAS  C:\Users\marci\AppData\Local\Temp\ccSljwOS.s 			page 8


 144:Core/Src/stm32f4xx_hal_msp.c **** 
 145:Core/Src/stm32f4xx_hal_msp.c **** }
 239              		.loc 1 145 1 view .LVU52
 240 000a 08BD     		pop	{r3, pc}
 241              	.LVL8:
 242              	.L14:
 132:Core/Src/stm32f4xx_hal_msp.c **** 
 243              		.loc 1 132 5 is_stmt 1 view .LVU53
 244 000c 064A     		ldr	r2, .L15+4
 245 000e 136C     		ldr	r3, [r2, #64]
 246 0010 23F48023 		bic	r3, r3, #262144
 247 0014 1364     		str	r3, [r2, #64]
 138:Core/Src/stm32f4xx_hal_msp.c **** 
 248              		.loc 1 138 5 view .LVU54
 249 0016 4FF44071 		mov	r1, #768
 250 001a 0448     		ldr	r0, .L15+8
 251              	.LVL9:
 138:Core/Src/stm32f4xx_hal_msp.c **** 
 252              		.loc 1 138 5 is_stmt 0 view .LVU55
 253 001c FFF7FEFF 		bl	HAL_GPIO_DeInit
 254              	.LVL10:
 255              		.loc 1 145 1 view .LVU56
 256 0020 F3E7     		b	.L11
 257              	.L16:
 258 0022 00BF     		.align	2
 259              	.L15:
 260 0024 00480040 		.word	1073760256
 261 0028 00380240 		.word	1073887232
 262 002c 000C0240 		.word	1073875968
 263              		.cfi_endproc
 264              	.LFE136:
 266              		.section	.text.HAL_PCD_MspInit,"ax",%progbits
 267              		.align	1
 268              		.global	HAL_PCD_MspInit
 269              		.syntax unified
 270              		.thumb
 271              		.thumb_func
 273              	HAL_PCD_MspInit:
 274              	.LVL11:
 275              	.LFB137:
 146:Core/Src/stm32f4xx_hal_msp.c **** 
 147:Core/Src/stm32f4xx_hal_msp.c **** /**
 148:Core/Src/stm32f4xx_hal_msp.c **** * @brief PCD MSP Initialization
 149:Core/Src/stm32f4xx_hal_msp.c **** * This function configures the hardware resources used in this example
 150:Core/Src/stm32f4xx_hal_msp.c **** * @param hpcd: PCD handle pointer
 151:Core/Src/stm32f4xx_hal_msp.c **** * @retval None
 152:Core/Src/stm32f4xx_hal_msp.c **** */
 153:Core/Src/stm32f4xx_hal_msp.c **** void HAL_PCD_MspInit(PCD_HandleTypeDef* hpcd)
 154:Core/Src/stm32f4xx_hal_msp.c **** {
 276              		.loc 1 154 1 is_stmt 1 view -0
 277              		.cfi_startproc
 278              		@ args = 0, pretend = 0, frame = 120
 279              		@ frame_needed = 0, uses_anonymous_args = 0
 280              		.loc 1 154 1 is_stmt 0 view .LVU58
 281 0000 70B5     		push	{r4, r5, r6, lr}
 282              	.LCFI8:
 283              		.cfi_def_cfa_offset 16
ARM GAS  C:\Users\marci\AppData\Local\Temp\ccSljwOS.s 			page 9


 284              		.cfi_offset 4, -16
 285              		.cfi_offset 5, -12
 286              		.cfi_offset 6, -8
 287              		.cfi_offset 14, -4
 288 0002 9EB0     		sub	sp, sp, #120
 289              	.LCFI9:
 290              		.cfi_def_cfa_offset 136
 291 0004 0446     		mov	r4, r0
 155:Core/Src/stm32f4xx_hal_msp.c ****   GPIO_InitTypeDef GPIO_InitStruct = {0};
 292              		.loc 1 155 3 is_stmt 1 view .LVU59
 293              		.loc 1 155 20 is_stmt 0 view .LVU60
 294 0006 0021     		movs	r1, #0
 295 0008 1991     		str	r1, [sp, #100]
 296 000a 1A91     		str	r1, [sp, #104]
 297 000c 1B91     		str	r1, [sp, #108]
 298 000e 1C91     		str	r1, [sp, #112]
 299 0010 1D91     		str	r1, [sp, #116]
 156:Core/Src/stm32f4xx_hal_msp.c ****   RCC_PeriphCLKInitTypeDef PeriphClkInitStruct = {0};
 300              		.loc 1 156 3 is_stmt 1 view .LVU61
 301              		.loc 1 156 28 is_stmt 0 view .LVU62
 302 0012 5822     		movs	r2, #88
 303 0014 03A8     		add	r0, sp, #12
 304              	.LVL12:
 305              		.loc 1 156 28 view .LVU63
 306 0016 FFF7FEFF 		bl	memset
 307              	.LVL13:
 157:Core/Src/stm32f4xx_hal_msp.c ****   if(hpcd->Instance==USB_OTG_FS)
 308              		.loc 1 157 3 is_stmt 1 view .LVU64
 309              		.loc 1 157 10 is_stmt 0 view .LVU65
 310 001a 2368     		ldr	r3, [r4]
 311              		.loc 1 157 5 view .LVU66
 312 001c B3F1A04F 		cmp	r3, #1342177280
 313 0020 01D0     		beq	.L21
 314              	.LVL14:
 315              	.L17:
 158:Core/Src/stm32f4xx_hal_msp.c ****   {
 159:Core/Src/stm32f4xx_hal_msp.c ****   /* USER CODE BEGIN USB_OTG_FS_MspInit 0 */
 160:Core/Src/stm32f4xx_hal_msp.c **** 
 161:Core/Src/stm32f4xx_hal_msp.c ****   /* USER CODE END USB_OTG_FS_MspInit 0 */
 162:Core/Src/stm32f4xx_hal_msp.c **** 
 163:Core/Src/stm32f4xx_hal_msp.c ****   /** Initializes the peripherals clock
 164:Core/Src/stm32f4xx_hal_msp.c ****   */
 165:Core/Src/stm32f4xx_hal_msp.c ****     PeriphClkInitStruct.PeriphClockSelection = RCC_PERIPHCLK_CLK48;
 166:Core/Src/stm32f4xx_hal_msp.c ****     PeriphClkInitStruct.Clk48ClockSelection = RCC_CLK48CLKSOURCE_PLLQ;
 167:Core/Src/stm32f4xx_hal_msp.c ****     if (HAL_RCCEx_PeriphCLKConfig(&PeriphClkInitStruct) != HAL_OK)
 168:Core/Src/stm32f4xx_hal_msp.c ****     {
 169:Core/Src/stm32f4xx_hal_msp.c ****       Error_Handler();
 170:Core/Src/stm32f4xx_hal_msp.c ****     }
 171:Core/Src/stm32f4xx_hal_msp.c **** 
 172:Core/Src/stm32f4xx_hal_msp.c ****     __HAL_RCC_GPIOA_CLK_ENABLE();
 173:Core/Src/stm32f4xx_hal_msp.c ****     /**USB_OTG_FS GPIO Configuration
 174:Core/Src/stm32f4xx_hal_msp.c ****     PA8     ------> USB_OTG_FS_SOF
 175:Core/Src/stm32f4xx_hal_msp.c ****     PA9     ------> USB_OTG_FS_VBUS
 176:Core/Src/stm32f4xx_hal_msp.c ****     PA10     ------> USB_OTG_FS_ID
 177:Core/Src/stm32f4xx_hal_msp.c ****     PA11     ------> USB_OTG_FS_DM
 178:Core/Src/stm32f4xx_hal_msp.c ****     PA12     ------> USB_OTG_FS_DP
 179:Core/Src/stm32f4xx_hal_msp.c ****     */
ARM GAS  C:\Users\marci\AppData\Local\Temp\ccSljwOS.s 			page 10


 180:Core/Src/stm32f4xx_hal_msp.c ****     GPIO_InitStruct.Pin = USB_SOF_Pin|USB_ID_Pin|USB_DM_Pin|USB_DP_Pin;
 181:Core/Src/stm32f4xx_hal_msp.c ****     GPIO_InitStruct.Mode = GPIO_MODE_AF_PP;
 182:Core/Src/stm32f4xx_hal_msp.c ****     GPIO_InitStruct.Pull = GPIO_NOPULL;
 183:Core/Src/stm32f4xx_hal_msp.c ****     GPIO_InitStruct.Speed = GPIO_SPEED_FREQ_VERY_HIGH;
 184:Core/Src/stm32f4xx_hal_msp.c ****     GPIO_InitStruct.Alternate = GPIO_AF10_OTG_FS;
 185:Core/Src/stm32f4xx_hal_msp.c ****     HAL_GPIO_Init(GPIOA, &GPIO_InitStruct);
 186:Core/Src/stm32f4xx_hal_msp.c **** 
 187:Core/Src/stm32f4xx_hal_msp.c ****     GPIO_InitStruct.Pin = USB_VBUS_Pin;
 188:Core/Src/stm32f4xx_hal_msp.c ****     GPIO_InitStruct.Mode = GPIO_MODE_INPUT;
 189:Core/Src/stm32f4xx_hal_msp.c ****     GPIO_InitStruct.Pull = GPIO_NOPULL;
 190:Core/Src/stm32f4xx_hal_msp.c ****     HAL_GPIO_Init(USB_VBUS_GPIO_Port, &GPIO_InitStruct);
 191:Core/Src/stm32f4xx_hal_msp.c **** 
 192:Core/Src/stm32f4xx_hal_msp.c ****     /* Peripheral clock enable */
 193:Core/Src/stm32f4xx_hal_msp.c ****     __HAL_RCC_USB_OTG_FS_CLK_ENABLE();
 194:Core/Src/stm32f4xx_hal_msp.c ****   /* USER CODE BEGIN USB_OTG_FS_MspInit 1 */
 195:Core/Src/stm32f4xx_hal_msp.c **** 
 196:Core/Src/stm32f4xx_hal_msp.c ****   /* USER CODE END USB_OTG_FS_MspInit 1 */
 197:Core/Src/stm32f4xx_hal_msp.c ****   }
 198:Core/Src/stm32f4xx_hal_msp.c **** 
 199:Core/Src/stm32f4xx_hal_msp.c **** }
 316              		.loc 1 199 1 view .LVU67
 317 0022 1EB0     		add	sp, sp, #120
 318              	.LCFI10:
 319              		.cfi_remember_state
 320              		.cfi_def_cfa_offset 16
 321              		@ sp needed
 322 0024 70BD     		pop	{r4, r5, r6, pc}
 323              	.LVL15:
 324              	.L21:
 325              	.LCFI11:
 326              		.cfi_restore_state
 165:Core/Src/stm32f4xx_hal_msp.c ****     PeriphClkInitStruct.Clk48ClockSelection = RCC_CLK48CLKSOURCE_PLLQ;
 327              		.loc 1 165 5 is_stmt 1 view .LVU68
 165:Core/Src/stm32f4xx_hal_msp.c ****     PeriphClkInitStruct.Clk48ClockSelection = RCC_CLK48CLKSOURCE_PLLQ;
 328              		.loc 1 165 46 is_stmt 0 view .LVU69
 329 0026 2023     		movs	r3, #32
 330 0028 0393     		str	r3, [sp, #12]
 166:Core/Src/stm32f4xx_hal_msp.c ****     if (HAL_RCCEx_PeriphCLKConfig(&PeriphClkInitStruct) != HAL_OK)
 331              		.loc 1 166 5 is_stmt 1 view .LVU70
 167:Core/Src/stm32f4xx_hal_msp.c ****     {
 332              		.loc 1 167 5 view .LVU71
 167:Core/Src/stm32f4xx_hal_msp.c ****     {
 333              		.loc 1 167 9 is_stmt 0 view .LVU72
 334 002a 03A8     		add	r0, sp, #12
 335 002c FFF7FEFF 		bl	HAL_RCCEx_PeriphCLKConfig
 336              	.LVL16:
 167:Core/Src/stm32f4xx_hal_msp.c ****     {
 337              		.loc 1 167 8 discriminator 1 view .LVU73
 338 0030 0028     		cmp	r0, #0
 339 0032 32D1     		bne	.L22
 340              	.L19:
 172:Core/Src/stm32f4xx_hal_msp.c ****     /**USB_OTG_FS GPIO Configuration
 341              		.loc 1 172 5 is_stmt 1 view .LVU74
 342              	.LBB6:
 172:Core/Src/stm32f4xx_hal_msp.c ****     /**USB_OTG_FS GPIO Configuration
 343              		.loc 1 172 5 view .LVU75
 344 0034 0025     		movs	r5, #0
ARM GAS  C:\Users\marci\AppData\Local\Temp\ccSljwOS.s 			page 11


 345 0036 0195     		str	r5, [sp, #4]
 172:Core/Src/stm32f4xx_hal_msp.c ****     /**USB_OTG_FS GPIO Configuration
 346              		.loc 1 172 5 view .LVU76
 347 0038 194C     		ldr	r4, .L23
 348              	.LVL17:
 172:Core/Src/stm32f4xx_hal_msp.c ****     /**USB_OTG_FS GPIO Configuration
 349              		.loc 1 172 5 is_stmt 0 view .LVU77
 350 003a 236B     		ldr	r3, [r4, #48]
 351 003c 43F00103 		orr	r3, r3, #1
 352 0040 2363     		str	r3, [r4, #48]
 172:Core/Src/stm32f4xx_hal_msp.c ****     /**USB_OTG_FS GPIO Configuration
 353              		.loc 1 172 5 is_stmt 1 view .LVU78
 354 0042 236B     		ldr	r3, [r4, #48]
 355 0044 03F00103 		and	r3, r3, #1
 356 0048 0193     		str	r3, [sp, #4]
 172:Core/Src/stm32f4xx_hal_msp.c ****     /**USB_OTG_FS GPIO Configuration
 357              		.loc 1 172 5 view .LVU79
 358 004a 019B     		ldr	r3, [sp, #4]
 359              	.LBE6:
 172:Core/Src/stm32f4xx_hal_msp.c ****     /**USB_OTG_FS GPIO Configuration
 360              		.loc 1 172 5 view .LVU80
 180:Core/Src/stm32f4xx_hal_msp.c ****     GPIO_InitStruct.Mode = GPIO_MODE_AF_PP;
 361              		.loc 1 180 5 view .LVU81
 180:Core/Src/stm32f4xx_hal_msp.c ****     GPIO_InitStruct.Mode = GPIO_MODE_AF_PP;
 362              		.loc 1 180 25 is_stmt 0 view .LVU82
 363 004c 4FF4E853 		mov	r3, #7424
 364 0050 1993     		str	r3, [sp, #100]
 181:Core/Src/stm32f4xx_hal_msp.c ****     GPIO_InitStruct.Pull = GPIO_NOPULL;
 365              		.loc 1 181 5 is_stmt 1 view .LVU83
 181:Core/Src/stm32f4xx_hal_msp.c ****     GPIO_InitStruct.Pull = GPIO_NOPULL;
 366              		.loc 1 181 26 is_stmt 0 view .LVU84
 367 0052 0223     		movs	r3, #2
 368 0054 1A93     		str	r3, [sp, #104]
 182:Core/Src/stm32f4xx_hal_msp.c ****     GPIO_InitStruct.Speed = GPIO_SPEED_FREQ_VERY_HIGH;
 369              		.loc 1 182 5 is_stmt 1 view .LVU85
 182:Core/Src/stm32f4xx_hal_msp.c ****     GPIO_InitStruct.Speed = GPIO_SPEED_FREQ_VERY_HIGH;
 370              		.loc 1 182 26 is_stmt 0 view .LVU86
 371 0056 1B95     		str	r5, [sp, #108]
 183:Core/Src/stm32f4xx_hal_msp.c ****     GPIO_InitStruct.Alternate = GPIO_AF10_OTG_FS;
 372              		.loc 1 183 5 is_stmt 1 view .LVU87
 183:Core/Src/stm32f4xx_hal_msp.c ****     GPIO_InitStruct.Alternate = GPIO_AF10_OTG_FS;
 373              		.loc 1 183 27 is_stmt 0 view .LVU88
 374 0058 0323     		movs	r3, #3
 375 005a 1C93     		str	r3, [sp, #112]
 184:Core/Src/stm32f4xx_hal_msp.c ****     HAL_GPIO_Init(GPIOA, &GPIO_InitStruct);
 376              		.loc 1 184 5 is_stmt 1 view .LVU89
 184:Core/Src/stm32f4xx_hal_msp.c ****     HAL_GPIO_Init(GPIOA, &GPIO_InitStruct);
 377              		.loc 1 184 31 is_stmt 0 view .LVU90
 378 005c 0A23     		movs	r3, #10
 379 005e 1D93     		str	r3, [sp, #116]
 185:Core/Src/stm32f4xx_hal_msp.c **** 
 380              		.loc 1 185 5 is_stmt 1 view .LVU91
 381 0060 104E     		ldr	r6, .L23+4
 382 0062 19A9     		add	r1, sp, #100
 383 0064 3046     		mov	r0, r6
 384 0066 FFF7FEFF 		bl	HAL_GPIO_Init
 385              	.LVL18:
ARM GAS  C:\Users\marci\AppData\Local\Temp\ccSljwOS.s 			page 12


 187:Core/Src/stm32f4xx_hal_msp.c ****     GPIO_InitStruct.Mode = GPIO_MODE_INPUT;
 386              		.loc 1 187 5 view .LVU92
 187:Core/Src/stm32f4xx_hal_msp.c ****     GPIO_InitStruct.Mode = GPIO_MODE_INPUT;
 387              		.loc 1 187 25 is_stmt 0 view .LVU93
 388 006a 4FF40073 		mov	r3, #512
 389 006e 1993     		str	r3, [sp, #100]
 188:Core/Src/stm32f4xx_hal_msp.c ****     GPIO_InitStruct.Pull = GPIO_NOPULL;
 390              		.loc 1 188 5 is_stmt 1 view .LVU94
 188:Core/Src/stm32f4xx_hal_msp.c ****     GPIO_InitStruct.Pull = GPIO_NOPULL;
 391              		.loc 1 188 26 is_stmt 0 view .LVU95
 392 0070 1A95     		str	r5, [sp, #104]
 189:Core/Src/stm32f4xx_hal_msp.c ****     HAL_GPIO_Init(USB_VBUS_GPIO_Port, &GPIO_InitStruct);
 393              		.loc 1 189 5 is_stmt 1 view .LVU96
 189:Core/Src/stm32f4xx_hal_msp.c ****     HAL_GPIO_Init(USB_VBUS_GPIO_Port, &GPIO_InitStruct);
 394              		.loc 1 189 26 is_stmt 0 view .LVU97
 395 0072 1B95     		str	r5, [sp, #108]
 190:Core/Src/stm32f4xx_hal_msp.c **** 
 396              		.loc 1 190 5 is_stmt 1 view .LVU98
 397 0074 19A9     		add	r1, sp, #100
 398 0076 3046     		mov	r0, r6
 399 0078 FFF7FEFF 		bl	HAL_GPIO_Init
 400              	.LVL19:
 193:Core/Src/stm32f4xx_hal_msp.c ****   /* USER CODE BEGIN USB_OTG_FS_MspInit 1 */
 401              		.loc 1 193 5 view .LVU99
 193:Core/Src/stm32f4xx_hal_msp.c ****   /* USER CODE BEGIN USB_OTG_FS_MspInit 1 */
 402              		.loc 1 193 5 view .LVU100
 403 007c 636B     		ldr	r3, [r4, #52]
 404 007e 43F08003 		orr	r3, r3, #128
 405 0082 6363     		str	r3, [r4, #52]
 193:Core/Src/stm32f4xx_hal_msp.c ****   /* USER CODE BEGIN USB_OTG_FS_MspInit 1 */
 406              		.loc 1 193 5 view .LVU101
 407              	.LBB7:
 193:Core/Src/stm32f4xx_hal_msp.c ****   /* USER CODE BEGIN USB_OTG_FS_MspInit 1 */
 408              		.loc 1 193 5 view .LVU102
 409 0084 0295     		str	r5, [sp, #8]
 193:Core/Src/stm32f4xx_hal_msp.c ****   /* USER CODE BEGIN USB_OTG_FS_MspInit 1 */
 410              		.loc 1 193 5 view .LVU103
 411 0086 636C     		ldr	r3, [r4, #68]
 412 0088 43F48043 		orr	r3, r3, #16384
 413 008c 6364     		str	r3, [r4, #68]
 193:Core/Src/stm32f4xx_hal_msp.c ****   /* USER CODE BEGIN USB_OTG_FS_MspInit 1 */
 414              		.loc 1 193 5 view .LVU104
 415 008e 636C     		ldr	r3, [r4, #68]
 416 0090 03F48043 		and	r3, r3, #16384
 417 0094 0293     		str	r3, [sp, #8]
 193:Core/Src/stm32f4xx_hal_msp.c ****   /* USER CODE BEGIN USB_OTG_FS_MspInit 1 */
 418              		.loc 1 193 5 view .LVU105
 419 0096 029B     		ldr	r3, [sp, #8]
 420              	.LBE7:
 193:Core/Src/stm32f4xx_hal_msp.c ****   /* USER CODE BEGIN USB_OTG_FS_MspInit 1 */
 421              		.loc 1 193 5 discriminator 1 view .LVU106
 193:Core/Src/stm32f4xx_hal_msp.c ****   /* USER CODE BEGIN USB_OTG_FS_MspInit 1 */
 422              		.loc 1 193 5 discriminator 1 view .LVU107
 423              		.loc 1 199 1 is_stmt 0 view .LVU108
 424 0098 C3E7     		b	.L17
 425              	.LVL20:
 426              	.L22:
ARM GAS  C:\Users\marci\AppData\Local\Temp\ccSljwOS.s 			page 13


 169:Core/Src/stm32f4xx_hal_msp.c ****     }
 427              		.loc 1 169 7 is_stmt 1 view .LVU109
 428 009a FFF7FEFF 		bl	Error_Handler
 429              	.LVL21:
 430 009e C9E7     		b	.L19
 431              	.L24:
 432              		.align	2
 433              	.L23:
 434 00a0 00380240 		.word	1073887232
 435 00a4 00000240 		.word	1073872896
 436              		.cfi_endproc
 437              	.LFE137:
 439              		.section	.text.HAL_PCD_MspDeInit,"ax",%progbits
 440              		.align	1
 441              		.global	HAL_PCD_MspDeInit
 442              		.syntax unified
 443              		.thumb
 444              		.thumb_func
 446              	HAL_PCD_MspDeInit:
 447              	.LVL22:
 448              	.LFB138:
 200:Core/Src/stm32f4xx_hal_msp.c **** 
 201:Core/Src/stm32f4xx_hal_msp.c **** /**
 202:Core/Src/stm32f4xx_hal_msp.c **** * @brief PCD MSP De-Initialization
 203:Core/Src/stm32f4xx_hal_msp.c **** * This function freeze the hardware resources used in this example
 204:Core/Src/stm32f4xx_hal_msp.c **** * @param hpcd: PCD handle pointer
 205:Core/Src/stm32f4xx_hal_msp.c **** * @retval None
 206:Core/Src/stm32f4xx_hal_msp.c **** */
 207:Core/Src/stm32f4xx_hal_msp.c **** void HAL_PCD_MspDeInit(PCD_HandleTypeDef* hpcd)
 208:Core/Src/stm32f4xx_hal_msp.c **** {
 449              		.loc 1 208 1 view -0
 450              		.cfi_startproc
 451              		@ args = 0, pretend = 0, frame = 0
 452              		@ frame_needed = 0, uses_anonymous_args = 0
 453              		.loc 1 208 1 is_stmt 0 view .LVU111
 454 0000 08B5     		push	{r3, lr}
 455              	.LCFI12:
 456              		.cfi_def_cfa_offset 8
 457              		.cfi_offset 3, -8
 458              		.cfi_offset 14, -4
 209:Core/Src/stm32f4xx_hal_msp.c ****   if(hpcd->Instance==USB_OTG_FS)
 459              		.loc 1 209 3 is_stmt 1 view .LVU112
 460              		.loc 1 209 10 is_stmt 0 view .LVU113
 461 0002 0368     		ldr	r3, [r0]
 462              		.loc 1 209 5 view .LVU114
 463 0004 B3F1A04F 		cmp	r3, #1342177280
 464 0008 00D0     		beq	.L28
 465              	.LVL23:
 466              	.L25:
 210:Core/Src/stm32f4xx_hal_msp.c ****   {
 211:Core/Src/stm32f4xx_hal_msp.c ****   /* USER CODE BEGIN USB_OTG_FS_MspDeInit 0 */
 212:Core/Src/stm32f4xx_hal_msp.c **** 
 213:Core/Src/stm32f4xx_hal_msp.c ****   /* USER CODE END USB_OTG_FS_MspDeInit 0 */
 214:Core/Src/stm32f4xx_hal_msp.c ****     /* Peripheral clock disable */
 215:Core/Src/stm32f4xx_hal_msp.c ****     __HAL_RCC_USB_OTG_FS_CLK_DISABLE();
 216:Core/Src/stm32f4xx_hal_msp.c **** 
 217:Core/Src/stm32f4xx_hal_msp.c ****     /**USB_OTG_FS GPIO Configuration
ARM GAS  C:\Users\marci\AppData\Local\Temp\ccSljwOS.s 			page 14


 218:Core/Src/stm32f4xx_hal_msp.c ****     PA8     ------> USB_OTG_FS_SOF
 219:Core/Src/stm32f4xx_hal_msp.c ****     PA9     ------> USB_OTG_FS_VBUS
 220:Core/Src/stm32f4xx_hal_msp.c ****     PA10     ------> USB_OTG_FS_ID
 221:Core/Src/stm32f4xx_hal_msp.c ****     PA11     ------> USB_OTG_FS_DM
 222:Core/Src/stm32f4xx_hal_msp.c ****     PA12     ------> USB_OTG_FS_DP
 223:Core/Src/stm32f4xx_hal_msp.c ****     */
 224:Core/Src/stm32f4xx_hal_msp.c ****     HAL_GPIO_DeInit(GPIOA, USB_SOF_Pin|USB_VBUS_Pin|USB_ID_Pin|USB_DM_Pin
 225:Core/Src/stm32f4xx_hal_msp.c ****                           |USB_DP_Pin);
 226:Core/Src/stm32f4xx_hal_msp.c **** 
 227:Core/Src/stm32f4xx_hal_msp.c ****   /* USER CODE BEGIN USB_OTG_FS_MspDeInit 1 */
 228:Core/Src/stm32f4xx_hal_msp.c **** 
 229:Core/Src/stm32f4xx_hal_msp.c ****   /* USER CODE END USB_OTG_FS_MspDeInit 1 */
 230:Core/Src/stm32f4xx_hal_msp.c ****   }
 231:Core/Src/stm32f4xx_hal_msp.c **** 
 232:Core/Src/stm32f4xx_hal_msp.c **** }
 467              		.loc 1 232 1 view .LVU115
 468 000a 08BD     		pop	{r3, pc}
 469              	.LVL24:
 470              	.L28:
 215:Core/Src/stm32f4xx_hal_msp.c **** 
 471              		.loc 1 215 5 is_stmt 1 view .LVU116
 472 000c 054A     		ldr	r2, .L29
 473 000e 536B     		ldr	r3, [r2, #52]
 474 0010 23F08003 		bic	r3, r3, #128
 475 0014 5363     		str	r3, [r2, #52]
 224:Core/Src/stm32f4xx_hal_msp.c ****                           |USB_DP_Pin);
 476              		.loc 1 224 5 view .LVU117
 477 0016 4FF4F851 		mov	r1, #7936
 478 001a 0348     		ldr	r0, .L29+4
 479              	.LVL25:
 224:Core/Src/stm32f4xx_hal_msp.c ****                           |USB_DP_Pin);
 480              		.loc 1 224 5 is_stmt 0 view .LVU118
 481 001c FFF7FEFF 		bl	HAL_GPIO_DeInit
 482              	.LVL26:
 483              		.loc 1 232 1 view .LVU119
 484 0020 F3E7     		b	.L25
 485              	.L30:
 486 0022 00BF     		.align	2
 487              	.L29:
 488 0024 00380240 		.word	1073887232
 489 0028 00000240 		.word	1073872896
 490              		.cfi_endproc
 491              	.LFE138:
 493              		.text
 494              	.Letext0:
 495              		.file 2 "Drivers/CMSIS/Device/ST/STM32F4xx/Include/stm32f413xx.h"
 496              		.file 3 "C:/Program Files (x86)/Arm GNU Toolchain arm-none-eabi/13.2 Rel1/arm-none-eabi/include/ma
 497              		.file 4 "C:/Program Files (x86)/Arm GNU Toolchain arm-none-eabi/13.2 Rel1/arm-none-eabi/include/sy
 498              		.file 5 "Drivers/STM32F4xx_HAL_Driver/Inc/stm32f4xx_hal_def.h"
 499              		.file 6 "Drivers/STM32F4xx_HAL_Driver/Inc/stm32f4xx_hal_rcc_ex.h"
 500              		.file 7 "Drivers/STM32F4xx_HAL_Driver/Inc/stm32f4xx_hal_gpio.h"
 501              		.file 8 "Drivers/STM32F4xx_HAL_Driver/Inc/stm32f4xx_hal_dma.h"
 502              		.file 9 "Drivers/STM32F4xx_HAL_Driver/Inc/stm32f4xx_hal_uart.h"
 503              		.file 10 "Drivers/STM32F4xx_HAL_Driver/Inc/stm32f4xx_ll_usb.h"
 504              		.file 11 "Drivers/STM32F4xx_HAL_Driver/Inc/stm32f4xx_hal_pcd.h"
 505              		.file 12 "Drivers/STM32F4xx_HAL_Driver/Inc/stm32f4xx_hal_cortex.h"
 506              		.file 13 "Core/Inc/main.h"
ARM GAS  C:\Users\marci\AppData\Local\Temp\ccSljwOS.s 			page 15


 507              		.file 14 "<built-in>"
ARM GAS  C:\Users\marci\AppData\Local\Temp\ccSljwOS.s 			page 16


DEFINED SYMBOLS
                            *ABS*:00000000 stm32f4xx_hal_msp.c
C:\Users\marci\AppData\Local\Temp\ccSljwOS.s:21     .text.HAL_MspInit:00000000 $t
C:\Users\marci\AppData\Local\Temp\ccSljwOS.s:27     .text.HAL_MspInit:00000000 HAL_MspInit
C:\Users\marci\AppData\Local\Temp\ccSljwOS.s:88     .text.HAL_MspInit:00000040 $d
C:\Users\marci\AppData\Local\Temp\ccSljwOS.s:93     .text.HAL_UART_MspInit:00000000 $t
C:\Users\marci\AppData\Local\Temp\ccSljwOS.s:99     .text.HAL_UART_MspInit:00000000 HAL_UART_MspInit
C:\Users\marci\AppData\Local\Temp\ccSljwOS.s:205    .text.HAL_UART_MspInit:00000068 $d
C:\Users\marci\AppData\Local\Temp\ccSljwOS.s:211    .text.HAL_UART_MspDeInit:00000000 $t
C:\Users\marci\AppData\Local\Temp\ccSljwOS.s:217    .text.HAL_UART_MspDeInit:00000000 HAL_UART_MspDeInit
C:\Users\marci\AppData\Local\Temp\ccSljwOS.s:260    .text.HAL_UART_MspDeInit:00000024 $d
C:\Users\marci\AppData\Local\Temp\ccSljwOS.s:267    .text.HAL_PCD_MspInit:00000000 $t
C:\Users\marci\AppData\Local\Temp\ccSljwOS.s:273    .text.HAL_PCD_MspInit:00000000 HAL_PCD_MspInit
C:\Users\marci\AppData\Local\Temp\ccSljwOS.s:434    .text.HAL_PCD_MspInit:000000a0 $d
C:\Users\marci\AppData\Local\Temp\ccSljwOS.s:440    .text.HAL_PCD_MspDeInit:00000000 $t
C:\Users\marci\AppData\Local\Temp\ccSljwOS.s:446    .text.HAL_PCD_MspDeInit:00000000 HAL_PCD_MspDeInit
C:\Users\marci\AppData\Local\Temp\ccSljwOS.s:488    .text.HAL_PCD_MspDeInit:00000024 $d

UNDEFINED SYMBOLS
HAL_NVIC_SetPriority
HAL_GPIO_Init
HAL_GPIO_DeInit
memset
HAL_RCCEx_PeriphCLKConfig
Error_Handler
